<?xml version="1.0" encoding="UTF-8" ?>
<testsuite tests="16" failures="1" name="com.edge.GFS.online.TestGFSOnline" time="720.388" errors="0" skipped="0">
  <properties>
[...]
</properties>
  <testcase classname="com.edge.GFS.online.TestGFSOnline" name="Espositos_GFS" time="44.057"/>
  <testcase classname="com.edge.GFS.online.TestGFSOnline" name="Liguoris_GFS" time="29.555"/>
  <testcase classname="com.edge.GFS.online.TestGFSOnline" name="Gilberts_GFS" time="43.847"/>
  <testcase classname="com.edge.GFS.online.TestGFSOnline" name="OldKeyLime_GFS" time="41.168"/>
  <testcase classname="com.edge.GFS.online.TestGFSOnline" name="SportsGrillSunset_GFS" time="46.305"/>
  <testcase classname="com.edge.GFS.online.TestGFSOnline" name="SportsGrillKendall_GFS" time="49.021"/>
  <testcase classname="com.edge.GFS.online.TestGFSOnline" name="SportsGrillPembroke_GFS" time="40.514"/>
  <testcase classname="com.edge.GFS.online.TestGFSOnline" name="SportsGrillPalmetto_GFS" time="35.64"/>
  <testcase classname="com.edge.GFS.online.TestGFSOnline" name="SportsGrillSouthMiami_GFS" time="40.157"/>
  <testcase classname="com.edge.GFS.online.TestGFSOnline" name="Talavera_GFS" time="40.804"/>
  <testcase classname="com.edge.GFS.online.TestGFSOnline" name="TownKitchen_GFS" time="41.79"/>
  <testcase classname="com.edge.GFS.online.TestGFSOnline" name="BigPink_Prime_GFS" time="49.189"/>
  <testcase classname="com.edge.GFS.online.TestGFSOnline" name="Hamiltons_GFS" time="51.987"/>
  <testcase classname="com.edge.GFS.online.TestGFSOnline" name="ConchRep_GFS" time="33.845"/>
  <testcase classname="com.edge.GFS.online.TestGFSOnline" name="Woodfield_GFS" time="82.16">
    <failure message="Expected condition failed: waiting for visibility of element located by By.xpath: //a[contains(.,&apos;Order Guide&apos;)]/* (tried for 50 second(s) with 500 MILLISECONDS interval)
Build info: version: &apos;3.0.1&apos;, revision: &apos;1969d75&apos;, time: &apos;2016-10-18 09:49:13 -0700&apos;
System info: host: &apos;NOI-73JS6C2&apos;, ip: &apos;192.168.1.6&apos;, os.name: &apos;Windows 7&apos;, os.arch: &apos;amd64&apos;, os.version: &apos;6.1&apos;, java.version: &apos;1.8.0_121&apos;
Driver info: org.openqa.selenium.chrome.ChromeDriver
Capabilities [{applicationCacheEnabled=false, rotatable=false, mobileEmulationEnabled=false, networkConnectionEnabled=false, chrome={chromedriverVersion=2.24.417431 (9aea000394714d2fbb20850021f6204f2256b9cf), userDataDir=C:\Users\ashsaxen\AppData\Local\Temp\scoped_dir7576_20164}, takesHeapSnapshot=true, pageLoadStrategy=normal, databaseEnabled=false, handlesAlerts=true, hasTouchScreen=false, version=55.0.2883.87, platform=XP, browserConnectionEnabled=false, nativeEvents=true, acceptSslCerts=true, locationContextEnabled=true, webStorageEnabled=true, browserName=chrome, takesScreenshot=true, javascriptEnabled=true, cssSelectorsEnabled=true}]
Session ID: 81ac7845b0226b700c177cace243e854" type="org.openqa.selenium.TimeoutException">org.openqa.selenium.TimeoutException: Expected condition failed: waiting for visibility of element located by By.xpath: //a[contains(.,&apos;Order Guide&apos;)]/* (tried for 50 second(s) with 500 MILLISECONDS interval)
Build info: version: &apos;3.0.1&apos;, revision: &apos;1969d75&apos;, time: &apos;2016-10-18 09:49:13 -0700&apos;
System info: host: &apos;NOI-73JS6C2&apos;, ip: &apos;192.168.1.6&apos;, os.name: &apos;Windows 7&apos;, os.arch: &apos;amd64&apos;, os.version: &apos;6.1&apos;, java.version: &apos;1.8.0_121&apos;
Driver info: org.openqa.selenium.chrome.ChromeDriver
Capabilities [{applicationCacheEnabled=false, rotatable=false, mobileEmulationEnabled=false, networkConnectionEnabled=false, chrome={chromedriverVersion=2.24.417431 (9aea000394714d2fbb20850021f6204f2256b9cf), userDataDir=C:\Users\ashsaxen\AppData\Local\Temp\scoped_dir7576_20164}, takesHeapSnapshot=true, pageLoadStrategy=normal, databaseEnabled=false, handlesAlerts=true, hasTouchScreen=false, version=55.0.2883.87, platform=XP, browserConnectionEnabled=false, nativeEvents=true, acceptSslCerts=true, locationContextEnabled=true, webStorageEnabled=true, browserName=chrome, takesScreenshot=true, javascriptEnabled=true, cssSelectorsEnabled=true}]
Session ID: 81ac7845b0226b700c177cace243e854
	at sun.reflect.GeneratedConstructorAccessor18.newInstance(Unknown Source)
	at sun.reflect.DelegatingConstructorAccessorImpl.newInstance(DelegatingConstructorAccessorImpl.java:45)
	at java.lang.reflect.Constructor.newInstance(Constructor.java:423)
	at org.openqa.selenium.remote.ErrorHandler.createThrowable(ErrorHandler.java:216)
	at org.openqa.selenium.remote.ErrorHandler.throwIfResponseFailed(ErrorHandler.java:168)
	at org.openqa.selenium.remote.RemoteWebDriver.execute(RemoteWebDriver.java:635)
	at org.openqa.selenium.remote.RemoteWebDriver.findElement(RemoteWebDriver.java:368)
	at org.openqa.selenium.remote.RemoteWebDriver.findElementByXPath(RemoteWebDriver.java:473)
	at org.openqa.selenium.By$ByXPath.findElement(By.java:361)
	at org.openqa.selenium.remote.RemoteWebDriver.findElement(RemoteWebDriver.java:360)
	at org.openqa.selenium.support.ui.ExpectedConditions.findElement(ExpectedConditions.java:895)
	at org.openqa.selenium.support.ui.ExpectedConditions.access$000(ExpectedConditions.java:41)
	at org.openqa.selenium.support.ui.ExpectedConditions$7.apply(ExpectedConditions.java:205)
	at org.openqa.selenium.support.ui.ExpectedConditions$7.apply(ExpectedConditions.java:201)
	at org.openqa.selenium.support.ui.FluentWait.until(FluentWait.java:238)
	at com.edge.GFS.online.CommonGFS.StepsToExport(CommonGFS.java:181)
	at com.edge.GFS.online.TestGFSOnline.Woodfield_GFS(TestGFSOnline.java:250)
</failure>
    <system-out>*******EndTest*********
***********StartTest*********
Login Successful
GFS - Home Page
</system-out>
    <system-err>Starting ChromeDriver 2.24.417431 (9aea000394714d2fbb20850021f6204f2256b9cf) on port 44472
Only local connections are allowed.
Jan 31, 2017 2:41:49 AM org.openqa.selenium.remote.ProtocolHandshake createSession
INFO: Attempting bi-dialect session, assuming Postel&apos;s Law holds true on the remote end
Jan 31, 2017 2:41:49 AM org.openqa.selenium.remote.ProtocolHandshake createSession
INFO: Detected dialect: OSS
</system-err>
  </testcase>
  <testcase classname="com.edge.GFS.online.TestGFSOnline" name="Bottega_GFS" time="50.349"/>
</testsuite>