<?xml version="1.0" encoding="UTF-8"?>
<testng-results skipped="0" failed="1" total="16" passed="15">
  <reporter-output>
  </reporter-output>
  <suite name="com.edge.GFS.online.TestGFSOnline" duration-ms="834057" started-at="2017-01-30T21:00:21Z" finished-at="2017-01-30T21:14:15Z">
    <groups>
    </groups>
    <test name="Command line test" duration-ms="834057" started-at="2017-01-30T21:00:21Z" finished-at="2017-01-30T21:14:15Z">
      <class name="com.edge.GFS.online.TestGFSOnline">
        <test-method status="PASS" signature="setup()[pri:0, instance:com.edge.GFS.online.TestGFSOnline@614c5515]" name="setup" is-config="true" duration-ms="5" started-at="2017-01-31T02:30:21Z" finished-at="2017-01-31T02:30:21Z">
          <reporter-output>
          </reporter-output>
        </test-method> <!-- setup -->
        <test-method status="PASS" signature="beforeTest()[pri:0, instance:com.edge.GFS.online.TestGFSOnline@614c5515]" name="beforeTest" is-config="true" duration-ms="6659" started-at="2017-01-31T02:30:21Z" finished-at="2017-01-31T02:30:28Z">
          <reporter-output>
          </reporter-output>
        </test-method> <!-- beforeTest -->
        <test-method status="PASS" signature="Espositos_GFS()[pri:0, instance:com.edge.GFS.online.TestGFSOnline@614c5515]" name="Espositos_GFS" duration-ms="44051" started-at="2017-01-31T02:30:28Z" finished-at="2017-01-31T02:31:12Z">
          <reporter-output>
          </reporter-output>
        </test-method> <!-- Espositos_GFS -->
        <test-method status="PASS" signature="pretearDown()[pri:0, instance:com.edge.GFS.online.TestGFSOnline@614c5515]" name="pretearDown" is-config="true" duration-ms="988" started-at="2017-01-31T02:31:12Z" finished-at="2017-01-31T02:31:13Z">
          <reporter-output>
          </reporter-output>
        </test-method> <!-- pretearDown -->
        <test-method status="PASS" signature="beforeTest()[pri:0, instance:com.edge.GFS.online.TestGFSOnline@614c5515]" name="beforeTest" is-config="true" duration-ms="6111" started-at="2017-01-31T02:31:13Z" finished-at="2017-01-31T02:31:19Z">
          <reporter-output>
          </reporter-output>
        </test-method> <!-- beforeTest -->
        <test-method status="PASS" signature="Liguoris_GFS()[pri:0, instance:com.edge.GFS.online.TestGFSOnline@614c5515]" name="Liguoris_GFS" duration-ms="29554" started-at="2017-01-31T02:31:19Z" finished-at="2017-01-31T02:31:48Z">
          <reporter-output>
          </reporter-output>
        </test-method> <!-- Liguoris_GFS -->
        <test-method status="PASS" signature="pretearDown()[pri:0, instance:com.edge.GFS.online.TestGFSOnline@614c5515]" name="pretearDown" is-config="true" duration-ms="820" started-at="2017-01-31T02:31:48Z" finished-at="2017-01-31T02:31:49Z">
          <reporter-output>
          </reporter-output>
        </test-method> <!-- pretearDown -->
        <test-method status="PASS" signature="beforeTest()[pri:0, instance:com.edge.GFS.online.TestGFSOnline@614c5515]" name="beforeTest" is-config="true" duration-ms="6160" started-at="2017-01-31T02:31:49Z" finished-at="2017-01-31T02:31:55Z">
          <reporter-output>
          </reporter-output>
        </test-method> <!-- beforeTest -->
        <test-method status="PASS" signature="Gilberts_GFS()[pri:0, instance:com.edge.GFS.online.TestGFSOnline@614c5515]" name="Gilberts_GFS" duration-ms="43847" started-at="2017-01-31T02:31:55Z" finished-at="2017-01-31T02:32:39Z">
          <reporter-output>
          </reporter-output>
        </test-method> <!-- Gilberts_GFS -->
        <test-method status="PASS" signature="pretearDown()[pri:0, instance:com.edge.GFS.online.TestGFSOnline@614c5515]" name="pretearDown" is-config="true" duration-ms="1026" started-at="2017-01-31T02:32:39Z" finished-at="2017-01-31T02:32:40Z">
          <reporter-output>
          </reporter-output>
        </test-method> <!-- pretearDown -->
        <test-method status="PASS" signature="beforeTest()[pri:0, instance:com.edge.GFS.online.TestGFSOnline@614c5515]" name="beforeTest" is-config="true" duration-ms="6019" started-at="2017-01-31T02:32:40Z" finished-at="2017-01-31T02:32:46Z">
          <reporter-output>
          </reporter-output>
        </test-method> <!-- beforeTest -->
        <test-method status="PASS" signature="OldKeyLime_GFS()[pri:0, instance:com.edge.GFS.online.TestGFSOnline@614c5515]" name="OldKeyLime_GFS" duration-ms="41167" started-at="2017-01-31T02:32:46Z" finished-at="2017-01-31T02:33:27Z">
          <reporter-output>
          </reporter-output>
        </test-method> <!-- OldKeyLime_GFS -->
        <test-method status="PASS" signature="pretearDown()[pri:0, instance:com.edge.GFS.online.TestGFSOnline@614c5515]" name="pretearDown" is-config="true" duration-ms="889" started-at="2017-01-31T02:33:27Z" finished-at="2017-01-31T02:33:28Z">
          <reporter-output>
          </reporter-output>
        </test-method> <!-- pretearDown -->
        <test-method status="PASS" signature="beforeTest()[pri:0, instance:com.edge.GFS.online.TestGFSOnline@614c5515]" name="beforeTest" is-config="true" duration-ms="6034" started-at="2017-01-31T02:33:28Z" finished-at="2017-01-31T02:33:34Z">
          <reporter-output>
          </reporter-output>
        </test-method> <!-- beforeTest -->
        <test-method status="PASS" signature="SportsGrillSunset_GFS()[pri:0, instance:com.edge.GFS.online.TestGFSOnline@614c5515]" name="SportsGrillSunset_GFS" duration-ms="46304" started-at="2017-01-31T02:33:34Z" finished-at="2017-01-31T02:34:21Z">
          <reporter-output>
          </reporter-output>
        </test-method> <!-- SportsGrillSunset_GFS -->
        <test-method status="PASS" signature="pretearDown()[pri:0, instance:com.edge.GFS.online.TestGFSOnline@614c5515]" name="pretearDown" is-config="true" duration-ms="826" started-at="2017-01-31T02:34:21Z" finished-at="2017-01-31T02:34:21Z">
          <reporter-output>
          </reporter-output>
        </test-method> <!-- pretearDown -->
        <test-method status="PASS" signature="beforeTest()[pri:0, instance:com.edge.GFS.online.TestGFSOnline@614c5515]" name="beforeTest" is-config="true" duration-ms="6278" started-at="2017-01-31T02:34:21Z" finished-at="2017-01-31T02:34:28Z">
          <reporter-output>
          </reporter-output>
        </test-method> <!-- beforeTest -->
        <test-method status="PASS" signature="SportsGrillKendall_GFS()[pri:0, instance:com.edge.GFS.online.TestGFSOnline@614c5515]" name="SportsGrillKendall_GFS" duration-ms="49020" started-at="2017-01-31T02:34:28Z" finished-at="2017-01-31T02:35:17Z">
          <reporter-output>
          </reporter-output>
        </test-method> <!-- SportsGrillKendall_GFS -->
        <test-method status="PASS" signature="pretearDown()[pri:0, instance:com.edge.GFS.online.TestGFSOnline@614c5515]" name="pretearDown" is-config="true" duration-ms="889" started-at="2017-01-31T02:35:17Z" finished-at="2017-01-31T02:35:18Z">
          <reporter-output>
          </reporter-output>
        </test-method> <!-- pretearDown -->
        <test-method status="PASS" signature="beforeTest()[pri:0, instance:com.edge.GFS.online.TestGFSOnline@614c5515]" name="beforeTest" is-config="true" duration-ms="6069" started-at="2017-01-31T02:35:18Z" finished-at="2017-01-31T02:35:24Z">
          <reporter-output>
          </reporter-output>
        </test-method> <!-- beforeTest -->
        <test-method status="PASS" signature="SportsGrillPembroke_GFS()[pri:0, instance:com.edge.GFS.online.TestGFSOnline@614c5515]" name="SportsGrillPembroke_GFS" duration-ms="40512" started-at="2017-01-31T02:35:24Z" finished-at="2017-01-31T02:36:04Z">
          <reporter-output>
          </reporter-output>
        </test-method> <!-- SportsGrillPembroke_GFS -->
        <test-method status="PASS" signature="pretearDown()[pri:0, instance:com.edge.GFS.online.TestGFSOnline@614c5515]" name="pretearDown" is-config="true" duration-ms="999" started-at="2017-01-31T02:36:04Z" finished-at="2017-01-31T02:36:05Z">
          <reporter-output>
          </reporter-output>
        </test-method> <!-- pretearDown -->
        <test-method status="PASS" signature="beforeTest()[pri:0, instance:com.edge.GFS.online.TestGFSOnline@614c5515]" name="beforeTest" is-config="true" duration-ms="6025" started-at="2017-01-31T02:36:05Z" finished-at="2017-01-31T02:36:11Z">
          <reporter-output>
          </reporter-output>
        </test-method> <!-- beforeTest -->
        <test-method status="PASS" signature="SportsGrillPalmetto_GFS()[pri:0, instance:com.edge.GFS.online.TestGFSOnline@614c5515]" name="SportsGrillPalmetto_GFS" duration-ms="35639" started-at="2017-01-31T02:36:11Z" finished-at="2017-01-31T02:36:47Z">
          <reporter-output>
          </reporter-output>
        </test-method> <!-- SportsGrillPalmetto_GFS -->
        <test-method status="PASS" signature="pretearDown()[pri:0, instance:com.edge.GFS.online.TestGFSOnline@614c5515]" name="pretearDown" is-config="true" duration-ms="925" started-at="2017-01-31T02:36:47Z" finished-at="2017-01-31T02:36:48Z">
          <reporter-output>
          </reporter-output>
        </test-method> <!-- pretearDown -->
        <test-method status="PASS" signature="beforeTest()[pri:0, instance:com.edge.GFS.online.TestGFSOnline@614c5515]" name="beforeTest" is-config="true" duration-ms="6092" started-at="2017-01-31T02:36:48Z" finished-at="2017-01-31T02:36:54Z">
          <reporter-output>
          </reporter-output>
        </test-method> <!-- beforeTest -->
        <test-method status="PASS" signature="SportsGrillSouthMiami_GFS()[pri:0, instance:com.edge.GFS.online.TestGFSOnline@614c5515]" name="SportsGrillSouthMiami_GFS" duration-ms="40156" started-at="2017-01-31T02:36:54Z" finished-at="2017-01-31T02:37:34Z">
          <reporter-output>
          </reporter-output>
        </test-method> <!-- SportsGrillSouthMiami_GFS -->
        <test-method status="PASS" signature="pretearDown()[pri:0, instance:com.edge.GFS.online.TestGFSOnline@614c5515]" name="pretearDown" is-config="true" duration-ms="875" started-at="2017-01-31T02:37:34Z" finished-at="2017-01-31T02:37:35Z">
          <reporter-output>
          </reporter-output>
        </test-method> <!-- pretearDown -->
        <test-method status="PASS" signature="beforeTest()[pri:0, instance:com.edge.GFS.online.TestGFSOnline@614c5515]" name="beforeTest" is-config="true" duration-ms="6280" started-at="2017-01-31T02:37:35Z" finished-at="2017-01-31T02:37:41Z">
          <reporter-output>
          </reporter-output>
        </test-method> <!-- beforeTest -->
        <test-method status="PASS" signature="Talavera_GFS()[pri:0, instance:com.edge.GFS.online.TestGFSOnline@614c5515]" name="Talavera_GFS" duration-ms="40801" started-at="2017-01-31T02:37:41Z" finished-at="2017-01-31T02:38:22Z">
          <reporter-output>
          </reporter-output>
        </test-method> <!-- Talavera_GFS -->
        <test-method status="PASS" signature="pretearDown()[pri:0, instance:com.edge.GFS.online.TestGFSOnline@614c5515]" name="pretearDown" is-config="true" duration-ms="1055" started-at="2017-01-31T02:38:22Z" finished-at="2017-01-31T02:38:23Z">
          <reporter-output>
          </reporter-output>
        </test-method> <!-- pretearDown -->
        <test-method status="PASS" signature="beforeTest()[pri:0, instance:com.edge.GFS.online.TestGFSOnline@614c5515]" name="beforeTest" is-config="true" duration-ms="6034" started-at="2017-01-31T02:38:23Z" finished-at="2017-01-31T02:38:29Z">
          <reporter-output>
          </reporter-output>
        </test-method> <!-- beforeTest -->
        <test-method status="PASS" signature="TownKitchen_GFS()[pri:0, instance:com.edge.GFS.online.TestGFSOnline@614c5515]" name="TownKitchen_GFS" duration-ms="41790" started-at="2017-01-31T02:38:29Z" finished-at="2017-01-31T02:39:11Z">
          <reporter-output>
          </reporter-output>
        </test-method> <!-- TownKitchen_GFS -->
        <test-method status="PASS" signature="pretearDown()[pri:0, instance:com.edge.GFS.online.TestGFSOnline@614c5515]" name="pretearDown" is-config="true" duration-ms="844" started-at="2017-01-31T02:39:11Z" finished-at="2017-01-31T02:39:12Z">
          <reporter-output>
          </reporter-output>
        </test-method> <!-- pretearDown -->
        <test-method status="PASS" signature="beforeTest()[pri:0, instance:com.edge.GFS.online.TestGFSOnline@614c5515]" name="beforeTest" is-config="true" duration-ms="6300" started-at="2017-01-31T02:39:12Z" finished-at="2017-01-31T02:39:18Z">
          <reporter-output>
          </reporter-output>
        </test-method> <!-- beforeTest -->
        <test-method status="PASS" signature="BigPink_Prime_GFS()[pri:0, instance:com.edge.GFS.online.TestGFSOnline@614c5515]" name="BigPink_Prime_GFS" duration-ms="49189" started-at="2017-01-31T02:39:18Z" finished-at="2017-01-31T02:40:07Z">
          <reporter-output>
          </reporter-output>
        </test-method> <!-- BigPink_Prime_GFS -->
        <test-method status="PASS" signature="pretearDown()[pri:0, instance:com.edge.GFS.online.TestGFSOnline@614c5515]" name="pretearDown" is-config="true" duration-ms="1078" started-at="2017-01-31T02:40:07Z" finished-at="2017-01-31T02:40:08Z">
          <reporter-output>
          </reporter-output>
        </test-method> <!-- pretearDown -->
        <test-method status="PASS" signature="beforeTest()[pri:0, instance:com.edge.GFS.online.TestGFSOnline@614c5515]" name="beforeTest" is-config="true" duration-ms="6082" started-at="2017-01-31T02:40:08Z" finished-at="2017-01-31T02:40:14Z">
          <reporter-output>
          </reporter-output>
        </test-method> <!-- beforeTest -->
        <test-method status="PASS" signature="Hamiltons_GFS()[pri:0, instance:com.edge.GFS.online.TestGFSOnline@614c5515]" name="Hamiltons_GFS" duration-ms="51973" started-at="2017-01-31T02:40:14Z" finished-at="2017-01-31T02:41:06Z">
          <reporter-output>
          </reporter-output>
        </test-method> <!-- Hamiltons_GFS -->
        <test-method status="PASS" signature="pretearDown()[pri:0, instance:com.edge.GFS.online.TestGFSOnline@614c5515]" name="pretearDown" is-config="true" duration-ms="926" started-at="2017-01-31T02:41:06Z" finished-at="2017-01-31T02:41:07Z">
          <reporter-output>
          </reporter-output>
        </test-method> <!-- pretearDown -->
        <test-method status="PASS" signature="beforeTest()[pri:0, instance:com.edge.GFS.online.TestGFSOnline@614c5515]" name="beforeTest" is-config="true" duration-ms="5983" started-at="2017-01-31T02:41:07Z" finished-at="2017-01-31T02:41:13Z">
          <reporter-output>
          </reporter-output>
        </test-method> <!-- beforeTest -->
        <test-method status="PASS" signature="ConchRep_GFS()[pri:0, instance:com.edge.GFS.online.TestGFSOnline@614c5515]" name="ConchRep_GFS" duration-ms="33846" started-at="2017-01-31T02:41:13Z" finished-at="2017-01-31T02:41:47Z">
          <reporter-output>
          </reporter-output>
        </test-method> <!-- ConchRep_GFS -->
        <test-method status="PASS" signature="pretearDown()[pri:0, instance:com.edge.GFS.online.TestGFSOnline@614c5515]" name="pretearDown" is-config="true" duration-ms="1067" started-at="2017-01-31T02:41:47Z" finished-at="2017-01-31T02:41:48Z">
          <reporter-output>
          </reporter-output>
        </test-method> <!-- pretearDown -->
        <test-method status="PASS" signature="beforeTest()[pri:0, instance:com.edge.GFS.online.TestGFSOnline@614c5515]" name="beforeTest" is-config="true" duration-ms="6003" started-at="2017-01-31T02:41:48Z" finished-at="2017-01-31T02:41:54Z">
          <reporter-output>
          </reporter-output>
        </test-method> <!-- beforeTest -->
        <test-method status="FAIL" signature="Woodfield_GFS()[pri:0, instance:com.edge.GFS.online.TestGFSOnline@614c5515]" name="Woodfield_GFS" duration-ms="82133" started-at="2017-01-31T02:41:54Z" finished-at="2017-01-31T02:43:16Z">
          <exception class="org.openqa.selenium.TimeoutException">
            <message>
              <![CDATA[Expected condition failed: waiting for visibility of element located by By.xpath: //a[contains(.,'Order Guide')]/* (tried for 50 second(s) with 500 MILLISECONDS interval)
Build info: version: '3.0.1', revision: '1969d75', time: '2016-10-18 09:49:13 -0700'
System info: host: 'NOI-73JS6C2', ip: '192.168.1.6', os.name: 'Windows 7', os.arch: 'amd64', os.version: '6.1', java.version: '1.8.0_121'
Driver info: org.openqa.selenium.chrome.ChromeDriver
Capabilities [{applicationCacheEnabled=false, rotatable=false, mobileEmulationEnabled=false, networkConnectionEnabled=false, chrome={chromedriverVersion=2.24.417431 (9aea000394714d2fbb20850021f6204f2256b9cf), userDataDir=C:\Users\ashsaxen\AppData\Local\Temp\scoped_dir7576_20164}, takesHeapSnapshot=true, pageLoadStrategy=normal, databaseEnabled=false, handlesAlerts=true, hasTouchScreen=false, version=55.0.2883.87, platform=XP, browserConnectionEnabled=false, nativeEvents=true, acceptSslCerts=true, locationContextEnabled=true, webStorageEnabled=true, browserName=chrome, takesScreenshot=true, javascriptEnabled=true, cssSelectorsEnabled=true}]
Session ID: 81ac7845b0226b700c177cace243e854]]>
            </message>
            <full-stacktrace>
              <![CDATA[org.openqa.selenium.TimeoutException: Expected condition failed: waiting for visibility of element located by By.xpath: //a[contains(.,'Order Guide')]/* (tried for 50 second(s) with 500 MILLISECONDS interval)
Build info: version: '3.0.1', revision: '1969d75', time: '2016-10-18 09:49:13 -0700'
System info: host: 'NOI-73JS6C2', ip: '192.168.1.6', os.name: 'Windows 7', os.arch: 'amd64', os.version: '6.1', java.version: '1.8.0_121'
Driver info: org.openqa.selenium.chrome.ChromeDriver
Capabilities [{applicationCacheEnabled=false, rotatable=false, mobileEmulationEnabled=false, networkConnectionEnabled=false, chrome={chromedriverVersion=2.24.417431 (9aea000394714d2fbb20850021f6204f2256b9cf), userDataDir=C:\Users\ashsaxen\AppData\Local\Temp\scoped_dir7576_20164}, takesHeapSnapshot=true, pageLoadStrategy=normal, databaseEnabled=false, handlesAlerts=true, hasTouchScreen=false, version=55.0.2883.87, platform=XP, browserConnectionEnabled=false, nativeEvents=true, acceptSslCerts=true, locationContextEnabled=true, webStorageEnabled=true, browserName=chrome, takesScreenshot=true, javascriptEnabled=true, cssSelectorsEnabled=true}]
Session ID: 81ac7845b0226b700c177cace243e854
	at org.openqa.selenium.support.ui.WebDriverWait.timeoutException(WebDriverWait.java:80)
	at org.openqa.selenium.support.ui.FluentWait.until(FluentWait.java:265)
	at com.edge.GFS.online.CommonGFS.StepsToExport(CommonGFS.java:181)
	at com.edge.GFS.online.TestGFSOnline.Woodfield_GFS(TestGFSOnline.java:250)
	at sun.reflect.NativeMethodAccessorImpl.invoke0(Native Method)
	at sun.reflect.NativeMethodAccessorImpl.invoke(NativeMethodAccessorImpl.java:62)
	at sun.reflect.DelegatingMethodAccessorImpl.invoke(DelegatingMethodAccessorImpl.java:43)
	at java.lang.reflect.Method.invoke(Method.java:498)
	at org.testng.internal.MethodInvocationHelper.invokeMethod(MethodInvocationHelper.java:80)
	at org.testng.internal.Invoker.invokeMethod(Invoker.java:714)
	at org.testng.internal.Invoker.invokeTestMethod(Invoker.java:901)
	at org.testng.internal.Invoker.invokeTestMethods(Invoker.java:1231)
	at org.testng.internal.TestMethodWorker.invokeTestMethods(TestMethodWorker.java:127)
	at org.testng.internal.TestMethodWorker.run(TestMethodWorker.java:111)
	at org.testng.TestRunner.privateRun(TestRunner.java:767)
	at org.testng.TestRunner.run(TestRunner.java:617)
	at org.testng.SuiteRunner.runTest(SuiteRunner.java:334)
	at org.testng.SuiteRunner.runSequentially(SuiteRunner.java:329)
	at org.testng.SuiteRunner.privateRun(SuiteRunner.java:291)
	at org.testng.SuiteRunner.run(SuiteRunner.java:240)
	at org.testng.SuiteRunnerWorker.runSuite(SuiteRunnerWorker.java:52)
	at org.testng.SuiteRunnerWorker.run(SuiteRunnerWorker.java:86)
	at org.testng.TestNG.runSuitesSequentially(TestNG.java:1198)
	at org.testng.TestNG.runSuitesLocally(TestNG.java:1123)
	at org.testng.TestNG.run(TestNG.java:1031)
	at org.apache.maven.surefire.testng.TestNGExecutor.run(TestNGExecutor.java:77)
	at org.apache.maven.surefire.testng.TestNGDirectoryTestSuite.executeSingleClass(TestNGDirectoryTestSuite.java:126)
	at org.apache.maven.surefire.testng.TestNGDirectoryTestSuite.execute(TestNGDirectoryTestSuite.java:110)
	at org.apache.maven.surefire.testng.TestNGProvider.invoke(TestNGProvider.java:117)
	at sun.reflect.NativeMethodAccessorImpl.invoke0(Native Method)
	at sun.reflect.NativeMethodAccessorImpl.invoke(NativeMethodAccessorImpl.java:62)
	at sun.reflect.DelegatingMethodAccessorImpl.invoke(DelegatingMethodAccessorImpl.java:43)
	at java.lang.reflect.Method.invoke(Method.java:498)
	at org.apache.maven.surefire.util.ReflectionUtils.invokeMethodWithArray2(ReflectionUtils.java:208)
	at org.apache.maven.surefire.booter.ProviderFactory$ProviderProxy.invoke(ProviderFactory.java:158)
	at org.apache.maven.surefire.booter.ProviderFactory.invokeProvider(ProviderFactory.java:86)
	at org.apache.maven.surefire.booter.ForkedBooter.runSuitesInProcess(ForkedBooter.java:153)
	at org.apache.maven.surefire.booter.ForkedBooter.main(ForkedBooter.java:95)
Caused by: org.openqa.selenium.NoSuchElementException: no such element: Unable to locate element: {"method":"xpath","selector":"//a[contains(.,'Order Guide')]/*"}
  (Session info: chrome=55.0.2883.87)
  (Driver info: chromedriver=2.24.417431 (9aea000394714d2fbb20850021f6204f2256b9cf),platform=Windows NT 6.1.7601 SP1 x86_64) (WARNING: The server did not provide any stacktrace information)
Command duration or timeout: 5.07 seconds
For documentation on this error, please visit: http://seleniumhq.org/exceptions/no_such_element.html
Build info: version: '3.0.1', revision: '1969d75', time: '2016-10-18 09:49:13 -0700'
System info: host: 'NOI-73JS6C2', ip: '192.168.1.6', os.name: 'Windows 7', os.arch: 'amd64', os.version: '6.1', java.version: '1.8.0_121'
Driver info: org.openqa.selenium.chrome.ChromeDriver
Capabilities [{applicationCacheEnabled=false, rotatable=false, mobileEmulationEnabled=false, networkConnectionEnabled=false, chrome={chromedriverVersion=2.24.417431 (9aea000394714d2fbb20850021f6204f2256b9cf), userDataDir=C:\Users\ashsaxen\AppData\Local\Temp\scoped_dir7576_20164}, takesHeapSnapshot=true, pageLoadStrategy=normal, databaseEnabled=false, handlesAlerts=true, hasTouchScreen=false, version=55.0.2883.87, platform=XP, browserConnectionEnabled=false, nativeEvents=true, acceptSslCerts=true, locationContextEnabled=true, webStorageEnabled=true, browserName=chrome, takesScreenshot=true, javascriptEnabled=true, cssSelectorsEnabled=true}]
Session ID: 81ac7845b0226b700c177cace243e854
*** Element info: {Using=xpath, value=//a[contains(.,'Order Guide')]/*}
	at sun.reflect.GeneratedConstructorAccessor18.newInstance(Unknown Source)
	at sun.reflect.DelegatingConstructorAccessorImpl.newInstance(DelegatingConstructorAccessorImpl.java:45)
	at java.lang.reflect.Constructor.newInstance(Constructor.java:423)
	at org.openqa.selenium.remote.ErrorHandler.createThrowable(ErrorHandler.java:216)
	at org.openqa.selenium.remote.ErrorHandler.throwIfResponseFailed(ErrorHandler.java:168)
	at org.openqa.selenium.remote.RemoteWebDriver.execute(RemoteWebDriver.java:635)
	at org.openqa.selenium.remote.RemoteWebDriver.findElement(RemoteWebDriver.java:368)
	at org.openqa.selenium.remote.RemoteWebDriver.findElementByXPath(RemoteWebDriver.java:473)
	at org.openqa.selenium.By$ByXPath.findElement(By.java:361)
	at org.openqa.selenium.remote.RemoteWebDriver.findElement(RemoteWebDriver.java:360)
	at org.openqa.selenium.support.ui.ExpectedConditions.findElement(ExpectedConditions.java:895)
	at org.openqa.selenium.support.ui.ExpectedConditions.access$000(ExpectedConditions.java:41)
	at org.openqa.selenium.support.ui.ExpectedConditions$7.apply(ExpectedConditions.java:205)
	at org.openqa.selenium.support.ui.ExpectedConditions$7.apply(ExpectedConditions.java:201)
	at org.openqa.selenium.support.ui.FluentWait.until(FluentWait.java:238)
	... 36 more
]]>
            </full-stacktrace>
          </exception> <!-- org.openqa.selenium.TimeoutException -->
          <reporter-output>
          </reporter-output>
        </test-method> <!-- Woodfield_GFS -->
        <test-method status="PASS" signature="pretearDown()[pri:0, instance:com.edge.GFS.online.TestGFSOnline@614c5515]" name="pretearDown" is-config="true" duration-ms="1094" started-at="2017-01-31T02:43:16Z" finished-at="2017-01-31T02:43:17Z">
          <reporter-output>
          </reporter-output>
        </test-method> <!-- pretearDown -->
        <test-method status="PASS" signature="beforeTest()[pri:0, instance:com.edge.GFS.online.TestGFSOnline@614c5515]" name="beforeTest" is-config="true" duration-ms="6308" started-at="2017-01-31T02:43:17Z" finished-at="2017-01-31T02:43:24Z">
          <reporter-output>
          </reporter-output>
        </test-method> <!-- beforeTest -->
        <test-method status="PASS" signature="Bottega_GFS()[pri:0, instance:com.edge.GFS.online.TestGFSOnline@614c5515]" name="Bottega_GFS" duration-ms="50347" started-at="2017-01-31T02:43:24Z" finished-at="2017-01-31T02:44:14Z">
          <reporter-output>
          </reporter-output>
        </test-method> <!-- Bottega_GFS -->
        <test-method status="PASS" signature="pretearDown()[pri:0, instance:com.edge.GFS.online.TestGFSOnline@614c5515]" name="pretearDown" is-config="true" duration-ms="936" started-at="2017-01-31T02:44:14Z" finished-at="2017-01-31T02:44:15Z">
          <reporter-output>
          </reporter-output>
        </test-method> <!-- pretearDown -->
        <test-method status="PASS" signature="AfterClass()[pri:0, instance:com.edge.GFS.online.TestGFSOnline@614c5515]" name="AfterClass" is-config="true" duration-ms="0" started-at="2017-01-31T02:44:15Z" finished-at="2017-01-31T02:44:15Z">
          <reporter-output>
          </reporter-output>
        </test-method> <!-- AfterClass -->
      </class> <!-- com.edge.GFS.online.TestGFSOnline -->
    </test> <!-- Command line test -->
  </suite> <!-- com.edge.GFS.online.TestGFSOnline -->
</testng-results>
