<?xml version="1.0" encoding="UTF-8" ?>
<testsuite tests="49" failures="1" name="com.edge.GFS.online.TestGFSOnline" time="1.29" errors="0" skipped="48">
  <properties>
[...]
</properties>
  <testcase classname="com.edge.GFS.online.TestGFSOnline" name="beforeTest" time="1.281">
    <failure message="The driver executable does not exist: C:\Users\ashsaxen\Downloads\chromedriver_win32\chromedriver.exe" type="java.lang.IllegalStateException">java.lang.IllegalStateException: The driver executable does not exist: C:\Users\ashsaxen\Downloads\chromedriver_win32\chromedriver.exe
	at com.google.common.base.Preconditions.checkState(Preconditions.java:199)
	at org.openqa.selenium.remote.service.DriverService.checkExecutable(DriverService.java:121)
	at org.openqa.selenium.remote.service.DriverService.findExecutable(DriverService.java:116)
	at org.openqa.selenium.chrome.ChromeDriverService.access$000(ChromeDriverService.java:32)
	at org.openqa.selenium.chrome.ChromeDriverService$Builder.findDefaultExecutable(ChromeDriverService.java:137)
	at org.openqa.selenium.remote.service.DriverService$Builder.build(DriverService.java:296)
	at org.openqa.selenium.chrome.ChromeDriverService.createDefaultService(ChromeDriverService.java:88)
	at org.openqa.selenium.chrome.ChromeDriver.&lt;init&gt;(ChromeDriver.java:120)
	at com.edge.GFS.online.TestGFSOnline.beforeTest(TestGFSOnline.java:46)
</failure>
    <system-out>Configuring TestNG with: TestNG652Configurator
*************GFS************
***********StartTest*********
</system-out>
  </testcase>
  <testcase classname="com.edge.GFS.online.TestGFSOnline" name="Espositos_GFS" time="0">
    <skipped/>
  </testcase>
  <testcase classname="com.edge.GFS.online.TestGFSOnline" name="pretearDown" time="0">
    <skipped/>
  </testcase>
  <testcase classname="com.edge.GFS.online.TestGFSOnline" name="beforeTest" time="0">
    <skipped/>
  </testcase>
  <testcase classname="com.edge.GFS.online.TestGFSOnline" name="Liguoris_GFS" time="0">
    <skipped/>
  </testcase>
  <testcase classname="com.edge.GFS.online.TestGFSOnline" name="pretearDown" time="0.001">
    <skipped/>
  </testcase>
  <testcase classname="com.edge.GFS.online.TestGFSOnline" name="beforeTest" time="0.001">
    <skipped/>
  </testcase>
  <testcase classname="com.edge.GFS.online.TestGFSOnline" name="Gilberts_GFS" time="0">
    <skipped/>
  </testcase>
  <testcase classname="com.edge.GFS.online.TestGFSOnline" name="pretearDown" time="0">
    <skipped/>
  </testcase>
  <testcase classname="com.edge.GFS.online.TestGFSOnline" name="beforeTest" time="0">
    <skipped/>
  </testcase>
  <testcase classname="com.edge.GFS.online.TestGFSOnline" name="OldKeyLime_GFS" time="0">
    <skipped/>
  </testcase>
  <testcase classname="com.edge.GFS.online.TestGFSOnline" name="pretearDown" time="0">
    <skipped/>
  </testcase>
  <testcase classname="com.edge.GFS.online.TestGFSOnline" name="beforeTest" time="0">
    <skipped/>
  </testcase>
  <testcase classname="com.edge.GFS.online.TestGFSOnline" name="SportsGrillSunset_GFS" time="0">
    <skipped/>
  </testcase>
  <testcase classname="com.edge.GFS.online.TestGFSOnline" name="pretearDown" time="0">
    <skipped/>
  </testcase>
  <testcase classname="com.edge.GFS.online.TestGFSOnline" name="beforeTest" time="0">
    <skipped/>
  </testcase>
  <testcase classname="com.edge.GFS.online.TestGFSOnline" name="SportsGrillKendall_GFS" time="0">
    <skipped/>
  </testcase>
  <testcase classname="com.edge.GFS.online.TestGFSOnline" name="pretearDown" time="0">
    <skipped/>
  </testcase>
  <testcase classname="com.edge.GFS.online.TestGFSOnline" name="beforeTest" time="0">
    <skipped/>
  </testcase>
  <testcase classname="com.edge.GFS.online.TestGFSOnline" name="SportsGrillPembroke_GFS" time="0">
    <skipped/>
  </testcase>
  <testcase classname="com.edge.GFS.online.TestGFSOnline" name="pretearDown" time="0">
    <skipped/>
  </testcase>
  <testcase classname="com.edge.GFS.online.TestGFSOnline" name="beforeTest" time="0">
    <skipped/>
  </testcase>
  <testcase classname="com.edge.GFS.online.TestGFSOnline" name="SportsGrillPalmetto_GFS" time="0">
    <skipped/>
  </testcase>
  <testcase classname="com.edge.GFS.online.TestGFSOnline" name="pretearDown" time="0">
    <skipped/>
  </testcase>
  <testcase classname="com.edge.GFS.online.TestGFSOnline" name="beforeTest" time="0">
    <skipped/>
  </testcase>
  <testcase classname="com.edge.GFS.online.TestGFSOnline" name="SportsGrillSouthMiami_GFS" time="0">
    <skipped/>
  </testcase>
  <testcase classname="com.edge.GFS.online.TestGFSOnline" name="pretearDown" time="0">
    <skipped/>
  </testcase>
  <testcase classname="com.edge.GFS.online.TestGFSOnline" name="beforeTest" time="0">
    <skipped/>
  </testcase>
  <testcase classname="com.edge.GFS.online.TestGFSOnline" name="Talavera_GFS" time="0">
    <skipped/>
  </testcase>
  <testcase classname="com.edge.GFS.online.TestGFSOnline" name="pretearDown" time="0">
    <skipped/>
  </testcase>
  <testcase classname="com.edge.GFS.online.TestGFSOnline" name="beforeTest" time="0">
    <skipped/>
  </testcase>
  <testcase classname="com.edge.GFS.online.TestGFSOnline" name="TownKitchen_GFS" time="0">
    <skipped/>
  </testcase>
  <testcase classname="com.edge.GFS.online.TestGFSOnline" name="pretearDown" time="0">
    <skipped/>
  </testcase>
  <testcase classname="com.edge.GFS.online.TestGFSOnline" name="beforeTest" time="0.007">
    <skipped/>
  </testcase>
  <testcase classname="com.edge.GFS.online.TestGFSOnline" name="BigPink_Prime_GFS" time="0">
    <skipped/>
  </testcase>
  <testcase classname="com.edge.GFS.online.TestGFSOnline" name="pretearDown" time="0">
    <skipped/>
  </testcase>
  <testcase classname="com.edge.GFS.online.TestGFSOnline" name="beforeTest" time="0">
    <skipped/>
  </testcase>
  <testcase classname="com.edge.GFS.online.TestGFSOnline" name="Hamiltons_GFS" time="0">
    <skipped/>
  </testcase>
  <testcase classname="com.edge.GFS.online.TestGFSOnline" name="pretearDown" time="0">
    <skipped/>
  </testcase>
  <testcase classname="com.edge.GFS.online.TestGFSOnline" name="beforeTest" time="0">
    <skipped/>
  </testcase>
  <testcase classname="com.edge.GFS.online.TestGFSOnline" name="ConchRep_GFS" time="0">
    <skipped/>
  </testcase>
  <testcase classname="com.edge.GFS.online.TestGFSOnline" name="pretearDown" time="0">
    <skipped/>
  </testcase>
  <testcase classname="com.edge.GFS.online.TestGFSOnline" name="beforeTest" time="0">
    <skipped/>
  </testcase>
  <testcase classname="com.edge.GFS.online.TestGFSOnline" name="Woodfield_GFS" time="0">
    <skipped/>
  </testcase>
  <testcase classname="com.edge.GFS.online.TestGFSOnline" name="pretearDown" time="0">
    <skipped/>
  </testcase>
  <testcase classname="com.edge.GFS.online.TestGFSOnline" name="beforeTest" time="0">
    <skipped/>
  </testcase>
  <testcase classname="com.edge.GFS.online.TestGFSOnline" name="Bottega_GFS" time="0">
    <skipped/>
  </testcase>
  <testcase classname="com.edge.GFS.online.TestGFSOnline" name="pretearDown" time="0">
    <skipped/>
  </testcase>
  <testcase classname="com.edge.GFS.online.TestGFSOnline" name="AfterClass" time="0">
    <skipped/>
  </testcase>
</testsuite>