<?xml version="1.0" encoding="UTF-8"?>
<!-- Generated by org.testng.reporters.JUnitXMLReporter -->
<testsuite hostname="1SF28Q" name="Command line test" tests="16" failures="0" timestamp="30 Jan 2017 22:08:43 GMT" time="0.622" errors="0">
  <testcase name="@BeforeMethod beforeTest" time="0.0" classname="com.edge.GFS.online.TestGFSOnline">
    <failure type="java.lang.IllegalStateException" message="The driver executable does not exist: C:\Users\ashsaxen\Downloads\chromedriver_win32\chromedriver.exe">
      <![CDATA[java.lang.IllegalStateException: The driver executable does not exist: C:\Users\ashsaxen\Downloads\chromedriver_win32\chromedriver.exe
	at com.google.common.base.Preconditions.checkState(Preconditions.java:199)
	at org.openqa.selenium.remote.service.DriverService.checkExecutable(DriverService.java:121)
	at org.openqa.selenium.remote.service.DriverService.findExecutable(DriverService.java:116)
	at org.openqa.selenium.chrome.ChromeDriverService.access$000(ChromeDriverService.java:32)
	at org.openqa.selenium.chrome.ChromeDriverService$Builder.findDefaultExecutable(ChromeDriverService.java:137)
	at org.openqa.selenium.remote.service.DriverService$Builder.build(DriverService.java:296)
	at org.openqa.selenium.chrome.ChromeDriverService.createDefaultService(ChromeDriverService.java:88)
	at org.openqa.selenium.chrome.ChromeDriver.<init>(ChromeDriver.java:120)
	at com.edge.GFS.online.TestGFSOnline.beforeTest(TestGFSOnline.java:46)
	at org.apache.maven.surefire.testng.TestNGExecutor.run(TestNGExecutor.java:77)
	at org.apache.maven.surefire.testng.TestNGDirectoryTestSuite.executeSingleClass(TestNGDirectoryTestSuite.java:126)
	at org.apache.maven.surefire.testng.TestNGDirectoryTestSuite.execute(TestNGDirectoryTestSuite.java:110)
	at org.apache.maven.surefire.testng.TestNGProvider.invoke(TestNGProvider.java:117)
	at org.apache.maven.surefire.util.ReflectionUtils.invokeMethodWithArray2(ReflectionUtils.java:208)
	at org.apache.maven.surefire.booter.ProviderFactory$ProviderProxy.invoke(ProviderFactory.java:158)
	at org.apache.maven.surefire.booter.ProviderFactory.invokeProvider(ProviderFactory.java:86)
	at org.apache.maven.surefire.booter.ForkedBooter.runSuitesInProcess(ForkedBooter.java:153)
	at org.apache.maven.surefire.booter.ForkedBooter.main(ForkedBooter.java:95)
... Removed 27 stack frames]]>
    </failure>
  </testcase> <!-- @BeforeMethod beforeTest -->
  <testcase name="@AfterMethod pretearDown" time="0.0" classname="com.edge.GFS.online.TestGFSOnline">
    <skipped/>
  </testcase> <!-- @AfterMethod pretearDown -->
  <testcase name="@BeforeMethod beforeTest" time="0.0" classname="com.edge.GFS.online.TestGFSOnline">
    <skipped/>
  </testcase> <!-- @BeforeMethod beforeTest -->
  <testcase name="@AfterMethod pretearDown" time="0.0" classname="com.edge.GFS.online.TestGFSOnline">
    <skipped/>
  </testcase> <!-- @AfterMethod pretearDown -->
  <testcase name="@BeforeMethod beforeTest" time="0.0" classname="com.edge.GFS.online.TestGFSOnline">
    <skipped/>
  </testcase> <!-- @BeforeMethod beforeTest -->
  <testcase name="@AfterMethod pretearDown" time="0.0" classname="com.edge.GFS.online.TestGFSOnline">
    <skipped/>
  </testcase> <!-- @AfterMethod pretearDown -->
  <testcase name="@BeforeMethod beforeTest" time="0.0" classname="com.edge.GFS.online.TestGFSOnline">
    <skipped/>
  </testcase> <!-- @BeforeMethod beforeTest -->
  <testcase name="@AfterMethod pretearDown" time="0.0" classname="com.edge.GFS.online.TestGFSOnline">
    <skipped/>
  </testcase> <!-- @AfterMethod pretearDown -->
  <testcase name="@BeforeMethod beforeTest" time="0.0" classname="com.edge.GFS.online.TestGFSOnline">
    <skipped/>
  </testcase> <!-- @BeforeMethod beforeTest -->
  <testcase name="@AfterMethod pretearDown" time="0.0" classname="com.edge.GFS.online.TestGFSOnline">
    <skipped/>
  </testcase> <!-- @AfterMethod pretearDown -->
  <testcase name="@BeforeMethod beforeTest" time="0.0" classname="com.edge.GFS.online.TestGFSOnline">
    <skipped/>
  </testcase> <!-- @BeforeMethod beforeTest -->
  <testcase name="@AfterMethod pretearDown" time="0.0" classname="com.edge.GFS.online.TestGFSOnline">
    <skipped/>
  </testcase> <!-- @AfterMethod pretearDown -->
  <testcase name="@BeforeMethod beforeTest" time="0.0" classname="com.edge.GFS.online.TestGFSOnline">
    <skipped/>
  </testcase> <!-- @BeforeMethod beforeTest -->
  <testcase name="@AfterMethod pretearDown" time="0.0" classname="com.edge.GFS.online.TestGFSOnline">
    <skipped/>
  </testcase> <!-- @AfterMethod pretearDown -->
  <testcase name="@BeforeMethod beforeTest" time="0.0" classname="com.edge.GFS.online.TestGFSOnline">
    <skipped/>
  </testcase> <!-- @BeforeMethod beforeTest -->
  <testcase name="@AfterMethod pretearDown" time="0.0" classname="com.edge.GFS.online.TestGFSOnline">
    <skipped/>
  </testcase> <!-- @AfterMethod pretearDown -->
  <testcase name="@BeforeMethod beforeTest" time="0.0" classname="com.edge.GFS.online.TestGFSOnline">
    <skipped/>
  </testcase> <!-- @BeforeMethod beforeTest -->
  <testcase name="@AfterMethod pretearDown" time="0.0" classname="com.edge.GFS.online.TestGFSOnline">
    <skipped/>
  </testcase> <!-- @AfterMethod pretearDown -->
  <testcase name="@BeforeMethod beforeTest" time="0.0" classname="com.edge.GFS.online.TestGFSOnline">
    <skipped/>
  </testcase> <!-- @BeforeMethod beforeTest -->
  <testcase name="@AfterMethod pretearDown" time="0.0" classname="com.edge.GFS.online.TestGFSOnline">
    <skipped/>
  </testcase> <!-- @AfterMethod pretearDown -->
  <testcase name="@BeforeMethod beforeTest" time="0.0" classname="com.edge.GFS.online.TestGFSOnline">
    <skipped/>
  </testcase> <!-- @BeforeMethod beforeTest -->
  <testcase name="@AfterMethod pretearDown" time="0.0" classname="com.edge.GFS.online.TestGFSOnline">
    <skipped/>
  </testcase> <!-- @AfterMethod pretearDown -->
  <testcase name="@BeforeMethod beforeTest" time="0.0" classname="com.edge.GFS.online.TestGFSOnline">
    <skipped/>
  </testcase> <!-- @BeforeMethod beforeTest -->
  <testcase name="@AfterMethod pretearDown" time="0.0" classname="com.edge.GFS.online.TestGFSOnline">
    <skipped/>
  </testcase> <!-- @AfterMethod pretearDown -->
  <testcase name="@BeforeMethod beforeTest" time="0.0" classname="com.edge.GFS.online.TestGFSOnline">
    <skipped/>
  </testcase> <!-- @BeforeMethod beforeTest -->
  <testcase name="@AfterMethod pretearDown" time="0.0" classname="com.edge.GFS.online.TestGFSOnline">
    <skipped/>
  </testcase> <!-- @AfterMethod pretearDown -->
  <testcase name="@BeforeMethod beforeTest" time="0.0" classname="com.edge.GFS.online.TestGFSOnline">
    <skipped/>
  </testcase> <!-- @BeforeMethod beforeTest -->
  <testcase name="@AfterMethod pretearDown" time="0.0" classname="com.edge.GFS.online.TestGFSOnline">
    <skipped/>
  </testcase> <!-- @AfterMethod pretearDown -->
  <testcase name="@BeforeMethod beforeTest" time="0.0" classname="com.edge.GFS.online.TestGFSOnline">
    <skipped/>
  </testcase> <!-- @BeforeMethod beforeTest -->
  <testcase name="@AfterMethod pretearDown" time="0.0" classname="com.edge.GFS.online.TestGFSOnline">
    <skipped/>
  </testcase> <!-- @AfterMethod pretearDown -->
  <testcase name="@BeforeMethod beforeTest" time="0.0" classname="com.edge.GFS.online.TestGFSOnline">
    <skipped/>
  </testcase> <!-- @BeforeMethod beforeTest -->
  <testcase name="@AfterMethod pretearDown" time="0.0" classname="com.edge.GFS.online.TestGFSOnline">
    <skipped/>
  </testcase> <!-- @AfterMethod pretearDown -->
  <testcase name="@AfterClass AfterClass" time="0.0" classname="com.edge.GFS.online.TestGFSOnline">
    <skipped/>
  </testcase> <!-- @AfterClass AfterClass -->
  <testcase name="Espositos_GFS" time="0.002" classname="com.edge.GFS.online.TestGFSOnline">
    <skipped/>
  </testcase> <!-- Espositos_GFS -->
  <testcase name="Liguoris_GFS" time="0.0" classname="com.edge.GFS.online.TestGFSOnline">
    <skipped/>
  </testcase> <!-- Liguoris_GFS -->
  <testcase name="Gilberts_GFS" time="0.001" classname="com.edge.GFS.online.TestGFSOnline">
    <skipped/>
  </testcase> <!-- Gilberts_GFS -->
  <testcase name="OldKeyLime_GFS" time="0.001" classname="com.edge.GFS.online.TestGFSOnline">
    <skipped/>
  </testcase> <!-- OldKeyLime_GFS -->
  <testcase name="SportsGrillSunset_GFS" time="0.0" classname="com.edge.GFS.online.TestGFSOnline">
    <skipped/>
  </testcase> <!-- SportsGrillSunset_GFS -->
  <testcase name="SportsGrillKendall_GFS" time="0.0" classname="com.edge.GFS.online.TestGFSOnline">
    <skipped/>
  </testcase> <!-- SportsGrillKendall_GFS -->
  <testcase name="SportsGrillPembroke_GFS" time="0.001" classname="com.edge.GFS.online.TestGFSOnline">
    <skipped/>
  </testcase> <!-- SportsGrillPembroke_GFS -->
  <testcase name="SportsGrillPalmetto_GFS" time="0.0" classname="com.edge.GFS.online.TestGFSOnline">
    <skipped/>
  </testcase> <!-- SportsGrillPalmetto_GFS -->
  <testcase name="SportsGrillSouthMiami_GFS" time="0.0" classname="com.edge.GFS.online.TestGFSOnline">
    <skipped/>
  </testcase> <!-- SportsGrillSouthMiami_GFS -->
  <testcase name="Talavera_GFS" time="0.0" classname="com.edge.GFS.online.TestGFSOnline">
    <skipped/>
  </testcase> <!-- Talavera_GFS -->
  <testcase name="TownKitchen_GFS" time="0.0" classname="com.edge.GFS.online.TestGFSOnline">
    <skipped/>
  </testcase> <!-- TownKitchen_GFS -->
  <testcase name="BigPink_Prime_GFS" time="0.004" classname="com.edge.GFS.online.TestGFSOnline">
    <skipped/>
  </testcase> <!-- BigPink_Prime_GFS -->
  <testcase name="Hamiltons_GFS" time="0.0" classname="com.edge.GFS.online.TestGFSOnline">
    <skipped/>
  </testcase> <!-- Hamiltons_GFS -->
  <testcase name="ConchRep_GFS" time="0.0" classname="com.edge.GFS.online.TestGFSOnline">
    <skipped/>
  </testcase> <!-- ConchRep_GFS -->
  <testcase name="Woodfield_GFS" time="0.0" classname="com.edge.GFS.online.TestGFSOnline">
    <skipped/>
  </testcase> <!-- Woodfield_GFS -->
  <testcase name="Bottega_GFS" time="0.0" classname="com.edge.GFS.online.TestGFSOnline">
    <skipped/>
  </testcase> <!-- Bottega_GFS -->
</testsuite> <!-- Command line test -->
