<?xml version="1.0" encoding="UTF-8"?>
<!-- Generated by org.testng.reporters.JUnitXMLReporter -->
<testsuite hostname="1SF28Q" name="Command line test" tests="19" failures="1" timestamp="20 Feb 2017 14:38:11 GMT" time="411.618" errors="0">
  <testcase name="Espositos_GFS" time="17.268" classname="com.edge.GFS.online.TestGFSOnline"/>
  <testcase name="Liguoris_GFS" time="14.198" classname="com.edge.GFS.online.TestGFSOnline"/>
  <testcase name="Gilberts_GFS" time="13.896" classname="com.edge.GFS.online.TestGFSOnline"/>
  <testcase name="OldKeyLime_GFS" time="14.352" classname="com.edge.GFS.online.TestGFSOnline"/>
  <testcase name="SportsGrillSunset_GFS" time="14.433" classname="com.edge.GFS.online.TestGFSOnline"/>
  <testcase name="SportsGrillKendall_GFS" time="15.125" classname="com.edge.GFS.online.TestGFSOnline"/>
  <testcase name="SportsGrillPembroke_GFS" time="14.784" classname="com.edge.GFS.online.TestGFSOnline"/>
  <testcase name="SportsGrillPalmetto_GFS" time="15.047" classname="com.edge.GFS.online.TestGFSOnline"/>
  <testcase name="SportsGrillSouthMiami_GFS" time="12.551" classname="com.edge.GFS.online.TestGFSOnline"/>
  <testcase name="Talavera_GFS" time="13.761" classname="com.edge.GFS.online.TestGFSOnline"/>
  <testcase name="TownKitchen_GFS" time="14.081" classname="com.edge.GFS.online.TestGFSOnline"/>
  <testcase name="BigPink_GFS" time="12.893" classname="com.edge.GFS.online.TestGFSOnline"/>
  <testcase name="Hamiltons_GFS" time="16.181" classname="com.edge.GFS.online.TestGFSOnline"/>
  <testcase name="ConchRep_GFS" time="13.882" classname="com.edge.GFS.online.TestGFSOnline"/>
  <testcase name="Woodfield_GFS" time="13.994" classname="com.edge.GFS.online.TestGFSOnline"/>
  <testcase name="Bottega_GFS" time="18.793" classname="com.edge.GFS.online.TestGFSOnline"/>
  <testcase name="Strebs_GFS" time="0.939" classname="com.edge.GFS.online.TestGFSOnline">
    <failure type="junit.framework.ComparisonFailure" message="expected:&amp;lt;....gfs.com/experience/[main/portal.html]&amp;gt; but was:&amp;lt;....gfs.com/experience/[portal/j_security_check]&amp;gt;">
      <![CDATA[junit.framework.ComparisonFailure: expected:<....gfs.com/experience/[main/portal.html]> but was:<....gfs.com/experience/[portal/j_security_check]>
	at junit.framework.Assert.assertEquals(Assert.java:85)
	at junit.framework.Assert.assertEquals(Assert.java:91)
	at com.edge.GFS.online.CommonGFS.StepsToExport(CommonGFS.java:159)
	at com.edge.GFS.online.TestGFSOnline.Strebs_GFS(TestGFSOnline.java:277)
	at org.apache.maven.surefire.testng.TestNGExecutor.run(TestNGExecutor.java:77)
	at org.apache.maven.surefire.testng.TestNGDirectoryTestSuite.executeSingleClass(TestNGDirectoryTestSuite.java:126)
	at org.apache.maven.surefire.testng.TestNGDirectoryTestSuite.execute(TestNGDirectoryTestSuite.java:110)
	at org.apache.maven.surefire.testng.TestNGProvider.invoke(TestNGProvider.java:117)
	at org.apache.maven.surefire.util.ReflectionUtils.invokeMethodWithArray2(ReflectionUtils.java:208)
	at org.apache.maven.surefire.booter.ProviderFactory$ProviderProxy.invoke(ProviderFactory.java:158)
	at org.apache.maven.surefire.booter.ProviderFactory.invokeProvider(ProviderFactory.java:86)
	at org.apache.maven.surefire.booter.ForkedBooter.runSuitesInProcess(ForkedBooter.java:153)
	at org.apache.maven.surefire.booter.ForkedBooter.main(ForkedBooter.java:95)
... Removed 25 stack frames]]>
    </failure>
  </testcase> <!-- Strebs_GFS -->
  <testcase name="Prime112_GFS" time="15.659" classname="com.edge.GFS.online.TestGFSOnline"/>
  <testcase name="TrumpIntl_GFS" time="14.226" classname="com.edge.GFS.online.TestGFSOnline"/>
</testsuite> <!-- Command line test -->
